#
# There is insufficient memory for the Java Runtime Environment to continue.
# Native memory allocation (malloc) failed to allocate 494384 bytes for Chunk::new
# Possible reasons:
#   The system is out of physical RAM or swap space
#   In 32 bit mode, the process size limit was hit
# Possible solutions:
#   Reduce memory load on the system
#   Increase physical memory or swap space
#   Check if swap backing store is full
#   Use 64 bit Java on a 64 bit OS
#   Decrease Java heap size (-Xmx/-Xms)
#   Decrease number of Java threads
#   Decrease Java thread stack sizes (-Xss)
#   Set larger code cache with -XX:ReservedCodeCacheSize=
# This output file may be truncated or incomplete.
#
#  Out of Memory Error (allocation.cpp:390), pid=15248, tid=0x0000000000001ec8
#
# JRE version: OpenJDK Runtime Environment (8.0_152-b01) (build 1.8.0_152-release-915-b01)
# Java VM: OpenJDK 64-Bit Server VM (25.152-b01 mixed mode windows-amd64 compressed oops)
# Failed to write core dump. Minidumps are not enabled by default on client versions of Windows
#

---------------  T H R E A D  ---------------

Current thread (0x0000000013a3c000):  JavaThread "C2 CompilerThread0" daemon [_thread_in_native, id=7880, stack(0x00000000150a0000,0x00000000151a0000)]

Stack: [0x00000000150a0000,0x00000000151a0000]
[error occurred during error reporting (printing stack bounds), id 0xc0000005]

Native frames: (J=compiled Java code, j=interpreted, Vv=VM code, C=native code)


Current CompileTask:
C2:   3685  940 %     4       org.objectweb.asm.ClassReader::a @ 74 (3587 bytes)


---------------  P R O C E S S  ---------------

Java Threads: ( => current thread )
  0x00000000151aa000 JavaThread "Service Thread" daemon [_thread_blocked, id=10828, stack(0x00000000157a0000,0x00000000158a0000)]
  0x00000000151a5800 JavaThread "C1 CompilerThread2" daemon [_thread_blocked, id=4972, stack(0x00000000156a0000,0x00000000157a0000)]
  0x00000000151a2000 JavaThread "C2 CompilerThread1" daemon [_thread_in_native, id=7408, stack(0x00000000155a0000,0x00000000156a0000)]
=>0x0000000013a3c000 JavaThread "C2 CompilerThread0" daemon [_thread_in_native, id=7880, stack(0x00000000150a0000,0x00000000151a0000)]
  0x0000000013a4c800 JavaThread "Attach Listener" daemon [_thread_blocked, id=6164, stack(0x0000000014fa0000,0x00000000150a0000)]
  0x0000000013a4b800 JavaThread "Signal Dispatcher" daemon [_thread_blocked, id=14572, stack(0x0000000014ea0000,0x0000000014fa0000)]
  0x00000000018cb000 JavaThread "Finalizer" daemon [_thread_blocked, id=13364, stack(0x0000000014cb0000,0x0000000014db0000)]
  0x00000000018c5800 JavaThread "Reference Handler" daemon [_thread_blocked, id=11192, stack(0x0000000014bb0000,0x0000000014cb0000)]
  0x00000000017d4800 JavaThread "main" [_thread_in_Java, id=14500, stack(0x00000000035a0000,0x00000000036a0000)]

Other Threads:
  0x0000000013a05000 VMThread [stack: 0x0000000014ab0000,0x0000000014bb0000] [id=18212]
  0x00000000151ac000 WatcherThread [stack: 0x00000000158a0000,0x00000000159a0000] [id=10060]

VM state:not at safepoint (normal execution)

VM Mutex/Monitor currently owned by a thread: None

Heap:
 PSYoungGen      total 18944K, used 5877K [0x00000000feb00000, 0x0000000100000000, 0x0000000100000000)
  eden space 16384K, 20% used [0x00000000feb00000,0x00000000fee42c10,0x00000000ffb00000)
  from space 2560K, 99% used [0x00000000ffd80000,0x00000000ffffa7f0,0x0000000100000000)
  to   space 2560K, 0% used [0x00000000ffb00000,0x00000000ffb00000,0x00000000ffd80000)
 ParOldGen       total 44032K, used 5128K [0x00000000fc000000, 0x00000000feb00000, 0x00000000feb00000)
  object space 44032K, 11% used [0x00000000fc000000,0x00000000fc5020d0,0x00000000feb00000)
 Metaspace       used 7757K, capacity 7944K, committed 8192K, reserved 1056768K
  class space    used 899K, capacity 988K, committed 1024K, reserved 1048576K

Card table byte_map: [0x0000000001650000,0x0000000001680000] byte_map_base: 0x0000000000e70000

Marking Bits: (ParMarkBitMap*) 0x0000000051ad3950
 Begin Bits: [0x0000000012ea0000, 0x0000000012fa0000)
 End Bits:   [0x0000000012fa0000, 0x00000000130a0000)

Polling page: 0x0000000001620000

CodeCache: size=245760Kb used=3696Kb max_used=3696Kb free=242064Kb
 bounds [0x00000000036e0000, 0x0000000003a80000, 0x00000000126e0000]
 total_blobs=1314 nmethods=983 adapters=245
 compilation: enabled

Compilation events (10 events):
Event: 3.672 Thread 0x00000000151a2000  973       4       org.objectweb.asm.ClassReader::readUTF8 (60 bytes)
Event: 3.674 Thread 0x00000000151a5800  974       3       org.objectweb.asm.ClassWriter::visitField (16 bytes)
Event: 3.675 Thread 0x00000000151a5800 nmethod 974 0x0000000003a77d50 code [0x0000000003a77ec0, 0x0000000003a780e8]
Event: 3.675 Thread 0x00000000151a5800  975       3       org.objectweb.asm.FieldVisitor::<init> (7 bytes)
Event: 3.675 Thread 0x00000000151a5800 nmethod 975 0x0000000003a776d0 code [0x0000000003a77860, 0x0000000003a77bc8]
Event: 3.675 Thread 0x00000000151a5800  976       3       org.objectweb.asm.FieldWriter::visitEnd (1 bytes)
Event: 3.675 Thread 0x00000000151a5800 nmethod 976 0x0000000003a77390 code [0x0000000003a774e0, 0x0000000003a77630]
Event: 3.675 Thread 0x00000000151a5800  977       3       org.objectweb.asm.FieldWriter::a (262 bytes)
Event: 3.677 Thread 0x00000000151a5800 nmethod 977 0x0000000003a78d10 code [0x0000000003a78fa0, 0x0000000003a79ea8]
Event: 3.677 Thread 0x00000000151a5800  978       3       org.objectweb.asm.FieldWriter::a (475 bytes)

GC Heap History (4 events):
Event: 1.684 GC heap before
{Heap before GC invocations=1 (full 0):
 PSYoungGen      total 18944K, used 16384K [0x00000000feb00000, 0x0000000100000000, 0x0000000100000000)
  eden space 16384K, 100% used [0x00000000feb00000,0x00000000ffb00000,0x00000000ffb00000)
  from space 2560K, 0% used [0x00000000ffd80000,0x00000000ffd80000,0x0000000100000000)
  to   space 2560K, 0% used [0x00000000ffb00000,0x00000000ffb00000,0x00000000ffd80000)
 ParOldGen       total 44032K, used 0K [0x00000000fc000000, 0x00000000feb00000, 0x00000000feb00000)
  object space 44032K, 0% used [0x00000000fc000000,0x00000000fc000000,0x00000000feb00000)
 Metaspace       used 6534K, capacity 6682K, committed 6784K, reserved 1056768K
  class space    used 768K, capacity 823K, committed 896K, reserved 1048576K
Event: 1.699 GC heap after
Heap after GC invocations=1 (full 0):
 PSYoungGen      total 18944K, used 2528K [0x00000000feb00000, 0x0000000100000000, 0x0000000100000000)
  eden space 16384K, 0% used [0x00000000feb00000,0x00000000feb00000,0x00000000ffb00000)
  from space 2560K, 98% used [0x00000000ffb00000,0x00000000ffd78030,0x00000000ffd80000)
  to   space 2560K, 0% used [0x00000000ffd80000,0x00000000ffd80000,0x0000000100000000)
 ParOldGen       total 44032K, used 1510K [0x00000000fc000000, 0x00000000feb00000, 0x00000000feb00000)
  object space 44032K, 3% used [0x00000000fc000000,0x00000000fc1798e8,0x00000000feb00000)
 Metaspace       used 6534K, capacity 6682K, committed 6784K, reserved 1056768K
  class space    used 768K, capacity 823K, committed 896K, reserved 1048576K
}
Event: 3.121 GC heap before
{Heap before GC invocations=2 (full 0):
 PSYoungGen      total 18944K, used 18912K [0x00000000feb00000, 0x0000000100000000, 0x0000000100000000)
  eden space 16384K, 100% used [0x00000000feb00000,0x00000000ffb00000,0x00000000ffb00000)
  from space 2560K, 98% used [0x00000000ffb00000,0x00000000ffd78030,0x00000000ffd80000)
  to   space 2560K, 0% used [0x00000000ffd80000,0x00000000ffd80000,0x0000000100000000)
 ParOldGen       total 44032K, used 1510K [0x00000000fc000000, 0x00000000feb00000, 0x00000000feb00000)
  object space 44032K, 3% used [0x00000000fc000000,0x00000000fc1798e8,0x00000000feb00000)
 Metaspace       used 7710K, capacity 7944K, committed 8192K, reserved 1056768K
  class space    used 899K, capacity 988K, committed 1024K, reserved 1048576K
Event: 3.228 GC heap after
Heap after GC invocations=2 (full 0):
 PSYoungGen      total 18944K, used 2537K [0x00000000feb00000, 0x0000000100000000, 0x0000000100000000)
  eden space 16384K, 0% used [0x00000000feb00000,0x00000000feb00000,0x00000000ffb00000)
  from space 2560K, 99% used [0x00000000ffd80000,0x00000000ffffa7f0,0x0000000100000000)
  to   space 2560K, 0% used [0x00000000ffb00000,0x00000000ffb00000,0x00000000ffd80000)
 ParOldGen       total 44032K, used 5128K [0x00000000fc000000, 0x00000000feb00000, 0x00000000feb00000)
  object space 44032K, 11% used [0x00000000fc000000,0x00000000fc5020d0,0x00000000feb00000)
 Metaspace       used 7710K, capacity 7944K, committed 8192K, reserved 1056768K
  class space    used 899K, capacity 988K, committed 1024K, reserved 1048576K
}

Deoptimization events (10 events):
Event: 2.480 Thread 0x00000000017d4800 Uncommon trap: reason=class_check action=maybe_recompile pc=0x000000000390c718 method=com.google.common.collect.TransformedIterator.next()Ljava/lang/Object; @ 5
Event: 2.480 Thread 0x00000000017d4800 Uncommon trap: reason=class_check action=maybe_recompile pc=0x0000000003907390 method=com.google.common.collect.Iterators$7.transform(Ljava/lang/Object;)Ljava/lang/Object; @ 5
Event: 2.480 Thread 0x00000000017d4800 Uncommon trap: reason=class_check action=maybe_recompile pc=0x000000000391bf2c method=com.google.common.collect.TransformedIterator.hasNext()Z @ 4
Event: 2.480 Thread 0x00000000017d4800 Uncommon trap: reason=class_check action=maybe_recompile pc=0x000000000390c718 method=com.google.common.collect.TransformedIterator.next()Ljava/lang/Object; @ 5
Event: 2.480 Thread 0x00000000017d4800 Uncommon trap: reason=class_check action=maybe_recompile pc=0x0000000003907390 method=com.google.common.collect.Iterators$7.transform(Ljava/lang/Object;)Ljava/lang/Object; @ 5
Event: 2.480 Thread 0x00000000017d4800 Uncommon trap: reason=class_check action=maybe_recompile pc=0x000000000390c718 method=com.google.common.collect.TransformedIterator.next()Ljava/lang/Object; @ 5
Event: 2.480 Thread 0x00000000017d4800 Uncommon trap: reason=class_check action=maybe_recompile pc=0x0000000003907390 method=com.google.common.collect.Iterators$7.transform(Ljava/lang/Object;)Ljava/lang/Object; @ 5
Event: 2.738 Thread 0x00000000017d4800 Uncommon trap: reason=unstable_if action=reinterpret pc=0x00000000039e6a98 method=java.lang.String.<init>([CII)V @ 18
Event: 3.242 Thread 0x00000000017d4800 Uncommon trap: reason=unstable_if action=reinterpret pc=0x0000000003a1afd8 method=org.objectweb.asm.Item.a(Lorg/objectweb/asm/Item;)Z @ 345
Event: 3.267 Thread 0x00000000017d4800 Uncommon trap: reason=unstable_if action=reinterpret pc=0x00000000039f6b08 method=java.lang.String.<init>([CII)V @ 18

Classes redefined (0 events):
No events

Internal exceptions (10 events):
Event: 1.761 Thread 0x00000000017d4800 Implicit null exception at 0x0000000003907f38 to 0x00000000039083a1
Event: 2.021 Thread 0x00000000017d4800 Exception <a 'sun/nio/fs/WindowsException'> (0x00000000ff194208) thrown at [D:\src\AOSP-openjdk-cygwin\jdk8u\hotspot\src\share\vm\prims\jni.cpp, line 709]
Event: 2.022 Thread 0x00000000017d4800 Exception <a 'sun/nio/fs/WindowsException'> (0x00000000ff1947e8) thrown at [D:\src\AOSP-openjdk-cygwin\jdk8u\hotspot\src\share\vm\prims\jni.cpp, line 709]
Event: 2.022 Thread 0x00000000017d4800 Exception <a 'sun/nio/fs/WindowsException'> (0x00000000ff194e08) thrown at [D:\src\AOSP-openjdk-cygwin\jdk8u\hotspot\src\share\vm\prims\jni.cpp, line 709]
Event: 2.022 Thread 0x00000000017d4800 Exception <a 'sun/nio/fs/WindowsException'> (0x00000000ff1955e8) thrown at [D:\src\AOSP-openjdk-cygwin\jdk8u\hotspot\src\share\vm\prims\jni.cpp, line 709]
Event: 2.023 Thread 0x00000000017d4800 Exception <a 'sun/nio/fs/WindowsException'> (0x00000000ff195be0) thrown at [D:\src\AOSP-openjdk-cygwin\jdk8u\hotspot\src\share\vm\prims\jni.cpp, line 709]
Event: 2.024 Thread 0x00000000017d4800 Exception <a 'sun/nio/fs/WindowsException'> (0x00000000ff1963b0) thrown at [D:\src\AOSP-openjdk-cygwin\jdk8u\hotspot\src\share\vm\prims\jni.cpp, line 709]
Event: 2.094 Thread 0x00000000017d4800 Exception <a 'sun/nio/fs/WindowsException'> (0x00000000ff19b900) thrown at [D:\src\AOSP-openjdk-cygwin\jdk8u\hotspot\src\share\vm\prims\jni.cpp, line 709]
Event: 2.400 Thread 0x00000000017d4800 Exception <a 'sun/nio/fs/WindowsException'> (0x00000000ff51d928) thrown at [D:\src\AOSP-openjdk-cygwin\jdk8u\hotspot\src\share\vm\prims\jni.cpp, line 709]
Event: 2.400 Thread 0x00000000017d4800 Exception <a 'sun/nio/fs/WindowsException'> (0x00000000ff51deb8) thrown at [D:\src\AOSP-openjdk-cygwin\jdk8u\hotspot\src\share\vm\prims\jni.cpp, line 709]

Events (10 events):
Event: 2.738 Thread 0x00000000017d4800 DEOPT PACKING pc=0x00000000039e6a98 sp=0x000000000369ed10
Event: 2.738 Thread 0x00000000017d4800 DEOPT UNPACKING pc=0x000000000372556a sp=0x000000000369ec30 mode 2
Event: 3.121 Executing VM operation: ParallelGCFailedAllocation
Event: 3.228 Executing VM operation: ParallelGCFailedAllocation done
Event: 3.242 Thread 0x00000000017d4800 Uncommon trap: trap_request=0xffffff65 fr.pc=0x0000000003a1afd8
Event: 3.242 Thread 0x00000000017d4800 DEOPT PACKING pc=0x0000000003a1afd8 sp=0x000000000369eae0
Event: 3.242 Thread 0x00000000017d4800 DEOPT UNPACKING pc=0x000000000372556a sp=0x000000000369ea78 mode 2
Event: 3.267 Thread 0x00000000017d4800 Uncommon trap: trap_request=0xffffff65 fr.pc=0x00000000039f6b08
Event: 3.267 Thread 0x00000000017d4800 DEOPT PACKING pc=0x00000000039f6b08 sp=0x000000000369eb30
Event: 3.267 Thread 0x00000000017d4800 DEOPT UNPACKING pc=0x000000000372556a sp=0x000000000369e9d8 mode 2


Dynamic libraries:
0x00007ff69b9b0000 - 0x00007ff69b9e1000 	C:\Program Files\Android\Android Studio\jre\bin\java.exe
0x00007ffac5de0000 - 0x00007ffac5fb2000 	C:\WINDOWS\SYSTEM32\ntdll.dll
0x00007ffac3bb0000 - 0x00007ffac3c5c000 	C:\WINDOWS\System32\KERNEL32.DLL
0x00007ffac3150000 - 0x00007ffac336d000 	C:\WINDOWS\System32\KERNELBASE.dll
0x0000000053ae0000 - 0x0000000053b6e000 	C:\WINDOWS\System32\SYSFER.DLL
0x00007ffac59a0000 - 0x00007ffac5a42000 	C:\WINDOWS\System32\ADVAPI32.dll
0x00007ffac3c70000 - 0x00007ffac3d0e000 	C:\WINDOWS\System32\msvcrt.dll
0x00007ffac3b50000 - 0x00007ffac3ba9000 	C:\WINDOWS\System32\sechost.dll
0x00007ffac5c90000 - 0x00007ffac5db1000 	C:\WINDOWS\System32\RPCRT4.dll
0x00007ffac4010000 - 0x00007ffac4175000 	C:\WINDOWS\System32\USER32.dll
0x00007ffac2bc0000 - 0x00007ffac2bde000 	C:\WINDOWS\System32\win32u.dll
0x00007ffac3370000 - 0x00007ffac33a4000 	C:\WINDOWS\System32\GDI32.dll
0x00007ffac2fd0000 - 0x00007ffac3150000 	C:\WINDOWS\System32\gdi32full.dll
0x00007ffab6160000 - 0x00007ffab63da000 	C:\WINDOWS\WinSxS\amd64_microsoft.windows.common-controls_6595b64144ccf1df_6.0.14393.953_none_42151e83c686086b\COMCTL32.dll
0x00007ffac3880000 - 0x00007ffac3b48000 	C:\WINDOWS\System32\combase.dll
0x00007ffac2ac0000 - 0x00007ffac2bb5000 	C:\WINDOWS\System32\ucrtbase.dll
0x00007ffac2d90000 - 0x00007ffac2dfa000 	C:\WINDOWS\System32\bcryptPrimitives.dll
0x00007ffac5970000 - 0x00007ffac599e000 	C:\WINDOWS\System32\IMM32.DLL
0x00007ffac1040000 - 0x00007ffac11ab000 	C:\Program Files\Avecto\Privilege Guard Client\PGHook.dll
0x00007ffac1d20000 - 0x00007ffac1d37000 	C:\WINDOWS\SYSTEM32\CRYPTSP.dll
0x00007ffac1460000 - 0x00007ffac1493000 	C:\WINDOWS\system32\rsaenh.dll
0x00007ffac1e30000 - 0x00007ffac1e5b000 	C:\WINDOWS\SYSTEM32\bcrypt.dll
0x00007ffac1d40000 - 0x00007ffac1d4b000 	C:\WINDOWS\SYSTEM32\CRYPTBASE.dll
0x00007ffac5b50000 - 0x00007ffac5b58000 	C:\WINDOWS\System32\PSAPI.DLL
0x0000000068000000 - 0x000000006805e000 	C:\WINDOWS\System32\QIPCAP64.dll
0x00007ffac4180000 - 0x00007ffac5688000 	C:\WINDOWS\System32\SHELL32.dll
0x00007ffac22e0000 - 0x00007ffac2322000 	C:\WINDOWS\System32\cfgmgr32.dll
0x00007ffac23e0000 - 0x00007ffac2ab8000 	C:\WINDOWS\System32\windows.storage.dll
0x00007ffac2290000 - 0x00007ffac22dc000 	C:\WINDOWS\System32\powrprof.dll
0x00007ffac5690000 - 0x00007ffac56e2000 	C:\WINDOWS\System32\shlwapi.dll
0x00007ffac2250000 - 0x00007ffac225f000 	C:\WINDOWS\System32\kernel.appcore.dll
0x00007ffac2ce0000 - 0x00007ffac2d89000 	C:\WINDOWS\System32\shcore.dll
0x00007ffac2270000 - 0x00007ffac2284000 	C:\WINDOWS\System32\profapi.dll
0x00007ffac1940000 - 0x00007ffac19e1000 	C:\WINDOWS\SYSTEM32\DNSAPI.dll
0x00007ffac56f0000 - 0x00007ffac575a000 	C:\WINDOWS\System32\WS2_32.dll
0x00007ffac5c80000 - 0x00007ffac5c88000 	C:\WINDOWS\System32\NSI.dll
0x00007ffac1900000 - 0x00007ffac1938000 	C:\WINDOWS\SYSTEM32\IPHLPAPI.DLL
0x00000000511c0000 - 0x0000000051292000 	C:\Program Files\Android\Android Studio\jre\jre\bin\msvcr100.dll
0x0000000051310000 - 0x0000000051b4e000 	C:\Program Files\Android\Android Studio\jre\jre\bin\server\jvm.dll
0x00007ffab1bc0000 - 0x00007ffab1bc9000 	C:\WINDOWS\SYSTEM32\WSOCK32.dll
0x00007ffac0370000 - 0x00007ffac0393000 	C:\WINDOWS\SYSTEM32\WINMM.dll
0x00007ffab52c0000 - 0x00007ffab52ca000 	C:\WINDOWS\SYSTEM32\VERSION.dll
0x00007ffac0310000 - 0x00007ffac033b000 	C:\WINDOWS\SYSTEM32\WINMMBASE.dll
0x00007ffabd280000 - 0x00007ffabd28f000 	C:\Program Files\Android\Android Studio\jre\jre\bin\verify.dll
0x00007ffab6b00000 - 0x00007ffab6b29000 	C:\Program Files\Android\Android Studio\jre\jre\bin\java.dll
0x00007ffab5350000 - 0x00007ffab5366000 	C:\Program Files\Android\Android Studio\jre\jre\bin\zip.dll
0x00007ffac1a00000 - 0x00007ffac1a1f000 	C:\WINDOWS\SYSTEM32\USERENV.dll
0x00007ffaa5340000 - 0x00007ffaa535a000 	C:\Program Files\Android\Android Studio\jre\jre\bin\net.dll
0x00007ffac1b80000 - 0x00007ffac1bdc000 	C:\WINDOWS\system32\mswsock.dll
0x00007ffabd7d0000 - 0x00007ffabd7e6000 	C:\WINDOWS\SYSTEM32\dhcpcsvc6.DLL
0x00007ffabe740000 - 0x00007ffabe75a000 	C:\WINDOWS\SYSTEM32\dhcpcsvc.DLL
0x00007ffaa3120000 - 0x00007ffaa3131000 	C:\Program Files\Android\Android Studio\jre\jre\bin\nio.dll

VM Arguments:
jvm_args: -Djava.awt.headless=true -Xmx64M -Dfile.encoding=windows-1252 -Duser.country=US -Duser.language=en -Duser.variant 
java_command: com.google.devtools.build.android.desugar.Desugar --input C:\Projetos\GIT\CelulasReligiosas\app\build\intermediates\transforms\stackFramesFixer\debug\38.jar --output C:\Projetos\GIT\CelulasReligiosas\app\build\intermediates\transforms\desugar\debug\39.jar --input C:\Projetos\GIT\CelulasReligiosas\app\build\intermediates\transforms\stackFramesFixer\debug\21.jar --output C:\Projetos\GIT\CelulasReligiosas\app\build\intermediates\transforms\desugar\debug\22.jar --input C:\Projetos\GIT\CelulasReligiosas\app\build\intermediates\transforms\stackFramesFixer\debug\28.jar --output C:\Projetos\GIT\CelulasReligiosas\app\build\intermediates\transforms\desugar\debug\29.jar --input C:\Projetos\GIT\CelulasReligiosas\app\build\intermediates\transforms\stackFramesFixer\debug\23.jar --output C:\Projetos\GIT\CelulasReligiosas\app\build\intermediates\transforms\desugar\debug\24.jar --input C:\Projetos\GIT\CelulasReligiosas\app\build\intermediates\transforms\stackFramesFixer\debug\8.jar --output C:\Projetos\GIT\CelulasReligiosas\app\build\intermediates\transforms\desugar\debug\9.jar --input C:\Projetos\GIT\CelulasReligiosas\app\build\intermediates\transforms\stackFramesFixer\debug\11.jar --output C:\Projetos\GIT\CelulasReligiosas\app\build\intermediates\transforms\desugar\debug\12.jar --input C:\Projetos\GIT\CelulasReligiosas\app\build\intermediates\transforms\stackFramesFixer\debug\39.jar --output C:\Projetos\GIT\CelulasReligiosas\app\build\intermediates\transforms\desugar\debug\40.jar --input C:\Projetos\GIT\CelulasReligiosas\app\build\intermediates\classes\debug --output C:\Projetos\GIT\CelulasReligiosas\app\build\intermediates\transforms\desugar\debug\0 --input C:\Projetos\GIT\CelulasReligiosas\app\build\intermediates\transforms\stackFramesFixer\debug\17.jar --output C:\Projetos\GIT\CelulasReligiosas\app\build\intermediates\transforms\desugar\debug\18.jar --input C:\Projetos\GIT\CelulasReligiosas\app\build\intermediates\transforms\stackFramesFixer\debug\15.jar --outpu
java_class_path (initial): C:\Users\robson.carlos.santos\AppData\Local\Temp\desugar_deploy.jar6269935443950151126
Launcher Type: SUN_STANDARD

Environment Variables:
JAVA_HOME=C:\Program Files\Java\jdk1.8.0_131
PATH=C:\ProgramData\Oracle\Java\javapath;C:\WINDOWS\system32;C:\WINDOWS;C:\WINDOWS\System32\Wbem;C:\WINDOWS\System32\WindowsPowerShell\v1.0\;C:\Program Files\TortoiseSVN\bin;C:\WINDOWS\system32\config\systemprofile\.dnx\bin;C:\Program Files\Microsoft DNX\Dnvm\;C:\Program Files\Microsoft SQL Server\130\Tools\Binn\;C:\Program Files\Intel\WiFi\bin\;C:\Program Files\Common Files\Intel\WirelessCommon\;C:\Program Files\PuTTY\;C:\Program Files\nodejs\;C:\Program Files (x86)\Google\Chrome\Application;C:\ProgramData\Oracle\Java\javapath;C:\windows\system32;C:\windows;C:\windows\System32\Wbem;C:\windows\System32\WindowsPowerShell\v1.0\;C:\Program Files\TortoiseSVN\bin;C:\windows\system32\config\systemprofile\.dnx\bin;C:\Program Files\Microsoft DNX\Dnvm\;C:\Program Files\Microsoft SQL Server\130\Tools\Binn\;C:\Users\robson.carlos.santos\AppData\Local\Microsoft\WindowsApps;C:\Users\robson.carlos.santos\AppData\Roaming\npm;C:\Program Files\Microsoft VS Code\bin
USERNAME=robson.carlos.santos
OS=Windows_NT
PROCESSOR_IDENTIFIER=Intel64 Family 6 Model 69 Stepping 1, GenuineIntel



---------------  S Y S T E M  ---------------

OS: Windows 10.0 , 64 bit Build 14393 (10.0.14393.1198)

CPU:total 4 (initial active 4) (2 cores per cpu, 2 threads per core) family 6 model 69 stepping 1, cmov, cx8, fxsr, mmx, sse, sse2, sse3, ssse3, sse4.1, sse4.2, popcnt, avx, avx2, aes, clmul, erms, lzcnt, ht, tsc, tscinvbit, bmi1, bmi2

Memory: 4k page, physical 8257628k(933096k free), swap 13780356k(3780k free)

vm_info: OpenJDK 64-Bit Server VM (25.152-b01) for windows-amd64 JRE (1.8.0_152-release-915-b01), built by "builder" with MS VC++ 10.0 (VS2010)

time: Tue Feb 06 14:30:35 2018
elapsed time: 3 seconds (0d 0h 0m 3s)

