#
# There is insufficient memory for the Java Runtime Environment to continue.
# Native memory allocation (malloc) failed to allocate 32744 bytes for ChunkPool::allocate
# Possible reasons:
#   The system is out of physical RAM or swap space
#   In 32 bit mode, the process size limit was hit
# Possible solutions:
#   Reduce memory load on the system
#   Increase physical memory or swap space
#   Check if swap backing store is full
#   Use 64 bit Java on a 64 bit OS
#   Decrease Java heap size (-Xmx/-Xms)
#   Decrease number of Java threads
#   Decrease Java thread stack sizes (-Xss)
#   Set larger code cache with -XX:ReservedCodeCacheSize=
# This output file may be truncated or incomplete.
#
#  Out of Memory Error (allocation.cpp:273), pid=9268, tid=0x00000000000046b8
#
# JRE version: OpenJDK Runtime Environment (8.0_152-b01) (build 1.8.0_152-release-915-b01)
# Java VM: OpenJDK 64-Bit Server VM (25.152-b01 mixed mode windows-amd64 compressed oops)
# Failed to write core dump. Minidumps are not enabled by default on client versions of Windows
#

---------------  T H R E A D  ---------------

Current thread (0x000000001327a000):  JavaThread "C1 CompilerThread2" daemon [_thread_in_native, id=18104, stack(0x0000000014e80000,0x0000000014f80000)]

Stack: [0x0000000014e80000,0x0000000014f80000]
[error occurred during error reporting (printing stack bounds), id 0xc0000005]

Native frames: (J=compiled Java code, j=interpreted, Vv=VM code, C=native code)


Current CompileTask:
C1:   4514  790       3       org.objectweb.asm.ClassReader::a (3587 bytes)


---------------  P R O C E S S  ---------------

Java Threads: ( => current thread )
  0x0000000014a89000 JavaThread "Service Thread" daemon [_thread_blocked, id=15936, stack(0x0000000014f80000,0x0000000015080000)]
=>0x000000001327a000 JavaThread "C1 CompilerThread2" daemon [_thread_in_native, id=18104, stack(0x0000000014e80000,0x0000000014f80000)]
  0x000000001321d800 JavaThread "C2 CompilerThread1" daemon [_thread_blocked, id=18492, stack(0x0000000014980000,0x0000000014a80000)]
  0x000000001322f000 JavaThread "C2 CompilerThread0" daemon [_thread_blocked, id=14032, stack(0x0000000014880000,0x0000000014980000)]
  0x000000001322b800 JavaThread "Attach Listener" daemon [_thread_blocked, id=6948, stack(0x0000000014780000,0x0000000014880000)]
  0x000000001322a800 JavaThread "Signal Dispatcher" daemon [_thread_blocked, id=824, stack(0x0000000014680000,0x0000000014780000)]
  0x0000000013208800 JavaThread "Finalizer" daemon [_thread_blocked, id=17424, stack(0x0000000014480000,0x0000000014580000)]
  0x0000000002e56800 JavaThread "Reference Handler" daemon [_thread_blocked, id=17248, stack(0x0000000014380000,0x0000000014480000)]
  0x0000000002d65000 JavaThread "main" [_thread_in_vm, id=1052, stack(0x0000000002c60000,0x0000000002d60000)]

Other Threads:
  0x00000000131e5000 VMThread [stack: 0x0000000014280000,0x0000000014380000] [id=19384]
  0x0000000014a8b000 WatcherThread [stack: 0x0000000015080000,0x0000000015180000] [id=9252]

VM state:not at safepoint (normal execution)

VM Mutex/Monitor currently owned by a thread: None

Heap:
 PSYoungGen      total 18944K, used 15535K [0x00000000feb00000, 0x0000000100000000, 0x0000000100000000)
  eden space 16384K, 79% used [0x00000000feb00000,0x00000000ff7b3c60,0x00000000ffb00000)
  from space 2560K, 98% used [0x00000000ffb00000,0x00000000ffd78030,0x00000000ffd80000)
  to   space 2560K, 0% used [0x00000000ffd80000,0x00000000ffd80000,0x0000000100000000)
 ParOldGen       total 44032K, used 1502K [0x00000000fc000000, 0x00000000feb00000, 0x00000000feb00000)
  object space 44032K, 3% used [0x00000000fc000000,0x00000000fc1778d8,0x00000000feb00000)
 Metaspace       used 7595K, capacity 7804K, committed 7936K, reserved 1056768K
  class space    used 896K, capacity 988K, committed 1024K, reserved 1048576K

Card table byte_map: [0x0000000012220000,0x0000000012250000] byte_map_base: 0x0000000011a40000

Marking Bits: (ParMarkBitMap*) 0x0000000051ad3950
 Begin Bits: [0x0000000012650000, 0x0000000012750000)
 End Bits:   [0x0000000012750000, 0x0000000012850000)

Polling page: 0x0000000002c00000

CodeCache: size=245760Kb used=2851Kb max_used=2851Kb free=242908Kb
 bounds [0x0000000002e60000, 0x0000000003130000, 0x0000000011e60000]
 total_blobs=1120 nmethods=789 adapters=245
 compilation: enabled

Compilation events (10 events):
Event: 4.465 Thread 0x000000001327a000 nmethod 786 0x0000000003127c50 code [0x0000000003127de0, 0x00000000031282b0]
Event: 4.465 Thread 0x000000001327a000  785       3       org.objectweb.asm.MethodWriter::visitLabel (321 bytes)
Event: 4.466 Thread 0x000000001327a000 nmethod 785 0x0000000003128750 code [0x0000000003128920, 0x0000000003129228]
Event: 4.474 Thread 0x000000001327a000  787       3       org.objectweb.asm.MethodVisitor::visitCode (15 bytes)
Event: 4.474 Thread 0x000000001327a000 nmethod 787 0x0000000003129510 code [0x0000000003129680, 0x00000000031298e8]
Event: 4.474 Thread 0x000000001327a000  788       3       org.objectweb.asm.MethodVisitor::visitMaxs (17 bytes)
Event: 4.475 Thread 0x000000001327a000 nmethod 788 0x0000000003129990 code [0x0000000003129b00, 0x0000000003129d68]
Event: 4.479 Thread 0x000000001327a000  789       3       org.objectweb.asm.ByteVector::putInt (74 bytes)
Event: 4.480 Thread 0x000000001327a000 nmethod 789 0x0000000003129e50 code [0x0000000003129fc0, 0x000000000312a248]
Event: 4.481 Thread 0x000000001327a000  790       3       org.objectweb.asm.ClassReader::a (3587 bytes)

GC Heap History (2 events):
Event: 2.656 GC heap before
{Heap before GC invocations=1 (full 0):
 PSYoungGen      total 18944K, used 16384K [0x00000000feb00000, 0x0000000100000000, 0x0000000100000000)
  eden space 16384K, 100% used [0x00000000feb00000,0x00000000ffb00000,0x00000000ffb00000)
  from space 2560K, 0% used [0x00000000ffd80000,0x00000000ffd80000,0x0000000100000000)
  to   space 2560K, 0% used [0x00000000ffb00000,0x00000000ffb00000,0x00000000ffd80000)
 ParOldGen       total 44032K, used 0K [0x00000000fc000000, 0x00000000feb00000, 0x00000000feb00000)
  object space 44032K, 0% used [0x00000000fc000000,0x00000000fc000000,0x00000000feb00000)
 Metaspace       used 6535K, capacity 6730K, committed 7040K, reserved 1056768K
  class space    used 768K, capacity 823K, committed 896K, reserved 1048576K
Event: 2.686 GC heap after
Heap after GC invocations=1 (full 0):
 PSYoungGen      total 18944K, used 2528K [0x00000000feb00000, 0x0000000100000000, 0x0000000100000000)
  eden space 16384K, 0% used [0x00000000feb00000,0x00000000feb00000,0x00000000ffb00000)
  from space 2560K, 98% used [0x00000000ffb00000,0x00000000ffd78030,0x00000000ffd80000)
  to   space 2560K, 0% used [0x00000000ffd80000,0x00000000ffd80000,0x0000000100000000)
 ParOldGen       total 44032K, used 1502K [0x00000000fc000000, 0x00000000feb00000, 0x00000000feb00000)
  object space 44032K, 3% used [0x00000000fc000000,0x00000000fc1778d8,0x00000000feb00000)
 Metaspace       used 6535K, capacity 6730K, committed 7040K, reserved 1056768K
  class space    used 768K, capacity 823K, committed 896K, reserved 1048576K
}

Deoptimization events (10 events):
Event: 3.679 Thread 0x0000000002d65000 Uncommon trap: reason=class_check action=maybe_recompile pc=0x0000000003093650 method=com.google.common.collect.Iterators$7.transform(Ljava/lang/Object;)Ljava/lang/Object; @ 5
Event: 3.679 Thread 0x0000000002d65000 Uncommon trap: reason=class_check action=maybe_recompile pc=0x00000000030a29ec method=com.google.common.collect.TransformedIterator.hasNext()Z @ 4
Event: 3.679 Thread 0x0000000002d65000 Uncommon trap: reason=class_check action=maybe_recompile pc=0x00000000030a29ec method=com.google.common.collect.TransformedIterator.hasNext()Z @ 4
Event: 3.679 Thread 0x0000000002d65000 Uncommon trap: reason=class_check action=maybe_recompile pc=0x000000000309e1d8 method=com.google.common.collect.TransformedIterator.next()Ljava/lang/Object; @ 5
Event: 3.679 Thread 0x0000000002d65000 Uncommon trap: reason=class_check action=maybe_recompile pc=0x0000000003093650 method=com.google.common.collect.Iterators$7.transform(Ljava/lang/Object;)Ljava/lang/Object; @ 5
Event: 3.679 Thread 0x0000000002d65000 Uncommon trap: reason=class_check action=maybe_recompile pc=0x00000000030a29ec method=com.google.common.collect.TransformedIterator.hasNext()Z @ 4
Event: 3.679 Thread 0x0000000002d65000 Uncommon trap: reason=class_check action=maybe_recompile pc=0x000000000309e1d8 method=com.google.common.collect.TransformedIterator.next()Ljava/lang/Object; @ 5
Event: 3.679 Thread 0x0000000002d65000 Uncommon trap: reason=class_check action=maybe_recompile pc=0x0000000003093650 method=com.google.common.collect.Iterators$7.transform(Ljava/lang/Object;)Ljava/lang/Object; @ 5
Event: 3.679 Thread 0x0000000002d65000 Uncommon trap: reason=class_check action=maybe_recompile pc=0x000000000309e1d8 method=com.google.common.collect.TransformedIterator.next()Ljava/lang/Object; @ 5
Event: 3.679 Thread 0x0000000002d65000 Uncommon trap: reason=class_check action=maybe_recompile pc=0x0000000003093650 method=com.google.common.collect.Iterators$7.transform(Ljava/lang/Object;)Ljava/lang/Object; @ 5

Classes redefined (0 events):
No events

Internal exceptions (10 events):
Event: 2.786 Thread 0x0000000002d65000 Implicit null exception at 0x000000000308cef8 to 0x000000000308d361
Event: 2.972 Thread 0x0000000002d65000 Exception <a 'sun/nio/fs/WindowsException'> (0x00000000ff195c78) thrown at [D:\src\AOSP-openjdk-cygwin\jdk8u\hotspot\src\share\vm\prims\jni.cpp, line 709]
Event: 2.972 Thread 0x0000000002d65000 Exception <a 'sun/nio/fs/WindowsException'> (0x00000000ff196258) thrown at [D:\src\AOSP-openjdk-cygwin\jdk8u\hotspot\src\share\vm\prims\jni.cpp, line 709]
Event: 2.972 Thread 0x0000000002d65000 Exception <a 'sun/nio/fs/WindowsException'> (0x00000000ff196878) thrown at [D:\src\AOSP-openjdk-cygwin\jdk8u\hotspot\src\share\vm\prims\jni.cpp, line 709]
Event: 2.972 Thread 0x0000000002d65000 Exception <a 'sun/nio/fs/WindowsException'> (0x00000000ff197058) thrown at [D:\src\AOSP-openjdk-cygwin\jdk8u\hotspot\src\share\vm\prims\jni.cpp, line 709]
Event: 2.972 Thread 0x0000000002d65000 Exception <a 'sun/nio/fs/WindowsException'> (0x00000000ff197650) thrown at [D:\src\AOSP-openjdk-cygwin\jdk8u\hotspot\src\share\vm\prims\jni.cpp, line 709]
Event: 2.972 Thread 0x0000000002d65000 Exception <a 'sun/nio/fs/WindowsException'> (0x00000000ff197e20) thrown at [D:\src\AOSP-openjdk-cygwin\jdk8u\hotspot\src\share\vm\prims\jni.cpp, line 709]
Event: 3.090 Thread 0x0000000002d65000 Exception <a 'sun/nio/fs/WindowsException'> (0x00000000ff19d370) thrown at [D:\src\AOSP-openjdk-cygwin\jdk8u\hotspot\src\share\vm\prims\jni.cpp, line 709]
Event: 3.433 Thread 0x0000000002d65000 Exception <a 'sun/nio/fs/WindowsException'> (0x00000000ff51f308) thrown at [D:\src\AOSP-openjdk-cygwin\jdk8u\hotspot\src\share\vm\prims\jni.cpp, line 709]
Event: 3.434 Thread 0x0000000002d65000 Exception <a 'sun/nio/fs/WindowsException'> (0x00000000ff51f898) thrown at [D:\src\AOSP-openjdk-cygwin\jdk8u\hotspot\src\share\vm\prims\jni.cpp, line 709]

Events (10 events):
Event: 4.409 loading class sun/util/calendar/CalendarDate
Event: 4.410 loading class sun/util/calendar/CalendarDate done
Event: 4.410 loading class sun/util/calendar/BaseCalendar$Date done
Event: 4.410 loading class sun/util/calendar/Gregorian$Date done
Event: 4.410 loading class sun/util/calendar/CalendarUtils
Event: 4.410 loading class sun/util/calendar/CalendarUtils done
Event: 4.410 loading class java/util/zip/ZipOutputStream$XEntry
Event: 4.411 loading class java/util/zip/ZipOutputStream$XEntry done
Event: 4.412 loading class org/objectweb/asm/Opcodes
Event: 4.412 loading class org/objectweb/asm/Opcodes done


Dynamic libraries:
0x00007ff69b9b0000 - 0x00007ff69b9e1000 	C:\Program Files\Android\Android Studio\jre\bin\java.exe
0x00007ffac5de0000 - 0x00007ffac5fb2000 	C:\WINDOWS\SYSTEM32\ntdll.dll
0x00007ffac3bb0000 - 0x00007ffac3c5c000 	C:\WINDOWS\System32\KERNEL32.DLL
0x00007ffac3150000 - 0x00007ffac336d000 	C:\WINDOWS\System32\KERNELBASE.dll
0x0000000053ae0000 - 0x0000000053b6e000 	C:\WINDOWS\System32\SYSFER.DLL
0x00007ffac59a0000 - 0x00007ffac5a42000 	C:\WINDOWS\System32\ADVAPI32.dll
0x00007ffac3c70000 - 0x00007ffac3d0e000 	C:\WINDOWS\System32\msvcrt.dll
0x00007ffac3b50000 - 0x00007ffac3ba9000 	C:\WINDOWS\System32\sechost.dll
0x00007ffac5c90000 - 0x00007ffac5db1000 	C:\WINDOWS\System32\RPCRT4.dll
0x00007ffac4010000 - 0x00007ffac4175000 	C:\WINDOWS\System32\USER32.dll
0x00007ffac2bc0000 - 0x00007ffac2bde000 	C:\WINDOWS\System32\win32u.dll
0x00007ffac3370000 - 0x00007ffac33a4000 	C:\WINDOWS\System32\GDI32.dll
0x00007ffac2fd0000 - 0x00007ffac3150000 	C:\WINDOWS\System32\gdi32full.dll
0x00007ffab6160000 - 0x00007ffab63da000 	C:\WINDOWS\WinSxS\amd64_microsoft.windows.common-controls_6595b64144ccf1df_6.0.14393.953_none_42151e83c686086b\COMCTL32.dll
0x00007ffac3880000 - 0x00007ffac3b48000 	C:\WINDOWS\System32\combase.dll
0x00007ffac2ac0000 - 0x00007ffac2bb5000 	C:\WINDOWS\System32\ucrtbase.dll
0x00007ffac2d90000 - 0x00007ffac2dfa000 	C:\WINDOWS\System32\bcryptPrimitives.dll
0x00007ffac5970000 - 0x00007ffac599e000 	C:\WINDOWS\System32\IMM32.DLL
0x00007ffac1040000 - 0x00007ffac11ab000 	C:\Program Files\Avecto\Privilege Guard Client\PGHook.dll
0x00007ffac1d20000 - 0x00007ffac1d37000 	C:\WINDOWS\SYSTEM32\CRYPTSP.dll
0x00007ffac1460000 - 0x00007ffac1493000 	C:\WINDOWS\system32\rsaenh.dll
0x00007ffac1e30000 - 0x00007ffac1e5b000 	C:\WINDOWS\SYSTEM32\bcrypt.dll
0x00007ffac1d40000 - 0x00007ffac1d4b000 	C:\WINDOWS\SYSTEM32\CRYPTBASE.dll
0x00007ffac5b50000 - 0x00007ffac5b58000 	C:\WINDOWS\System32\PSAPI.DLL
0x0000000068000000 - 0x000000006805e000 	C:\WINDOWS\System32\QIPCAP64.dll
0x00007ffac4180000 - 0x00007ffac5688000 	C:\WINDOWS\System32\SHELL32.dll
0x00007ffac22e0000 - 0x00007ffac2322000 	C:\WINDOWS\System32\cfgmgr32.dll
0x00007ffac23e0000 - 0x00007ffac2ab8000 	C:\WINDOWS\System32\windows.storage.dll
0x00007ffac2290000 - 0x00007ffac22dc000 	C:\WINDOWS\System32\powrprof.dll
0x00007ffac5690000 - 0x00007ffac56e2000 	C:\WINDOWS\System32\shlwapi.dll
0x00007ffac2250000 - 0x00007ffac225f000 	C:\WINDOWS\System32\kernel.appcore.dll
0x00007ffac2ce0000 - 0x00007ffac2d89000 	C:\WINDOWS\System32\shcore.dll
0x00007ffac2270000 - 0x00007ffac2284000 	C:\WINDOWS\System32\profapi.dll
0x00007ffac1940000 - 0x00007ffac19e1000 	C:\WINDOWS\SYSTEM32\DNSAPI.dll
0x00007ffac56f0000 - 0x00007ffac575a000 	C:\WINDOWS\System32\WS2_32.dll
0x00007ffac5c80000 - 0x00007ffac5c88000 	C:\WINDOWS\System32\NSI.dll
0x00007ffac1900000 - 0x00007ffac1938000 	C:\WINDOWS\SYSTEM32\IPHLPAPI.DLL
0x00000000511c0000 - 0x0000000051292000 	C:\Program Files\Android\Android Studio\jre\jre\bin\msvcr100.dll
0x0000000051310000 - 0x0000000051b4e000 	C:\Program Files\Android\Android Studio\jre\jre\bin\server\jvm.dll
0x00007ffab1bc0000 - 0x00007ffab1bc9000 	C:\WINDOWS\SYSTEM32\WSOCK32.dll
0x00007ffac0370000 - 0x00007ffac0393000 	C:\WINDOWS\SYSTEM32\WINMM.dll
0x00007ffab52c0000 - 0x00007ffab52ca000 	C:\WINDOWS\SYSTEM32\VERSION.dll
0x00007ffac0310000 - 0x00007ffac033b000 	C:\WINDOWS\SYSTEM32\WINMMBASE.dll
0x00007ffabd280000 - 0x00007ffabd28f000 	C:\Program Files\Android\Android Studio\jre\jre\bin\verify.dll
0x00007ffab6b00000 - 0x00007ffab6b29000 	C:\Program Files\Android\Android Studio\jre\jre\bin\java.dll
0x00007ffab5350000 - 0x00007ffab5366000 	C:\Program Files\Android\Android Studio\jre\jre\bin\zip.dll
0x00007ffac1a00000 - 0x00007ffac1a1f000 	C:\WINDOWS\SYSTEM32\USERENV.dll
0x00007ffaa5340000 - 0x00007ffaa535a000 	C:\Program Files\Android\Android Studio\jre\jre\bin\net.dll
0x00007ffac1b80000 - 0x00007ffac1bdc000 	C:\WINDOWS\system32\mswsock.dll
0x00007ffabd7d0000 - 0x00007ffabd7e6000 	C:\WINDOWS\SYSTEM32\dhcpcsvc6.DLL
0x00007ffabe740000 - 0x00007ffabe75a000 	C:\WINDOWS\SYSTEM32\dhcpcsvc.DLL
0x00007ffaa3120000 - 0x00007ffaa3131000 	C:\Program Files\Android\Android Studio\jre\jre\bin\nio.dll

VM Arguments:
jvm_args: -Djava.awt.headless=true -Xmx64M -Dfile.encoding=windows-1252 -Duser.country=US -Duser.language=en -Duser.variant 
java_command: com.google.devtools.build.android.desugar.Desugar --input C:\Projetos\GIT\CelulasReligiosas\app\build\intermediates\transforms\stackFramesFixer\debug\19.jar --output C:\Projetos\GIT\CelulasReligiosas\app\build\intermediates\transforms\desugar\debug\20.jar --input C:\Projetos\GIT\CelulasReligiosas\app\build\intermediates\transforms\stackFramesFixer\debug\32.jar --output C:\Projetos\GIT\CelulasReligiosas\app\build\intermediates\transforms\desugar\debug\33.jar --input C:\Projetos\GIT\CelulasReligiosas\app\build\intermediates\transforms\stackFramesFixer\debug\0.jar --output C:\Projetos\GIT\CelulasReligiosas\app\build\intermediates\transforms\desugar\debug\1.jar --input C:\Projetos\GIT\CelulasReligiosas\app\build\intermediates\transforms\stackFramesFixer\debug\26.jar --output C:\Projetos\GIT\CelulasReligiosas\app\build\intermediates\transforms\desugar\debug\27.jar --input C:\Projetos\GIT\CelulasReligiosas\app\build\intermediates\transforms\stackFramesFixer\debug\24.jar --output C:\Projetos\GIT\CelulasReligiosas\app\build\intermediates\transforms\desugar\debug\25.jar --input C:\Projetos\GIT\CelulasReligiosas\app\build\intermediates\transforms\stackFramesFixer\debug\23.jar --output C:\Projetos\GIT\CelulasReligiosas\app\build\intermediates\transforms\desugar\debug\24.jar --input C:\Projetos\GIT\CelulasReligiosas\app\build\intermediates\transforms\stackFramesFixer\debug\3.jar --output C:\Projetos\GIT\CelulasReligiosas\app\build\intermediates\transforms\desugar\debug\4.jar --input C:\Projetos\GIT\CelulasReligiosas\app\build\intermediates\transforms\stackFramesFixer\debug\10.jar --output C:\Projetos\GIT\CelulasReligiosas\app\build\intermediates\transforms\desugar\debug\11.jar --input C:\Projetos\GIT\CelulasReligiosas\app\build\intermediates\transforms\stackFramesFixer\debug\11.jar --output C:\Projetos\GIT\CelulasReligiosas\app\build\intermediates\transforms\desugar\debug\12.jar --input C:\Projetos\GIT\CelulasReligiosas\app\build\intermediates\transforms\stackFr
java_class_path (initial): C:\Users\robson.carlos.santos\AppData\Local\Temp\desugar_deploy.jar6269935443950151126
Launcher Type: SUN_STANDARD

Environment Variables:
JAVA_HOME=C:\Program Files\Java\jdk1.8.0_131
PATH=C:\ProgramData\Oracle\Java\javapath;C:\WINDOWS\system32;C:\WINDOWS;C:\WINDOWS\System32\Wbem;C:\WINDOWS\System32\WindowsPowerShell\v1.0\;C:\Program Files\TortoiseSVN\bin;C:\WINDOWS\system32\config\systemprofile\.dnx\bin;C:\Program Files\Microsoft DNX\Dnvm\;C:\Program Files\Microsoft SQL Server\130\Tools\Binn\;C:\Program Files\Intel\WiFi\bin\;C:\Program Files\Common Files\Intel\WirelessCommon\;C:\Program Files\PuTTY\;C:\Program Files\nodejs\;C:\Program Files (x86)\Google\Chrome\Application;C:\ProgramData\Oracle\Java\javapath;C:\windows\system32;C:\windows;C:\windows\System32\Wbem;C:\windows\System32\WindowsPowerShell\v1.0\;C:\Program Files\TortoiseSVN\bin;C:\windows\system32\config\systemprofile\.dnx\bin;C:\Program Files\Microsoft DNX\Dnvm\;C:\Program Files\Microsoft SQL Server\130\Tools\Binn\;C:\Users\robson.carlos.santos\AppData\Local\Microsoft\WindowsApps;C:\Users\robson.carlos.santos\AppData\Roaming\npm;C:\Program Files\Microsoft VS Code\bin
USERNAME=robson.carlos.santos
OS=Windows_NT
PROCESSOR_IDENTIFIER=Intel64 Family 6 Model 69 Stepping 1, GenuineIntel



---------------  S Y S T E M  ---------------

OS: Windows 10.0 , 64 bit Build 14393 (10.0.14393.1198)

CPU:total 4 (initial active 4) (2 cores per cpu, 2 threads per core) family 6 model 69 stepping 1, cmov, cx8, fxsr, mmx, sse, sse2, sse3, ssse3, sse4.1, sse4.2, popcnt, avx, avx2, aes, clmul, erms, lzcnt, ht, tsc, tscinvbit, bmi1, bmi2

Memory: 4k page, physical 8257628k(1078468k free), swap 13780652k(3080k free)

vm_info: OpenJDK 64-Bit Server VM (25.152-b01) for windows-amd64 JRE (1.8.0_152-release-915-b01), built by "builder" with MS VC++ 10.0 (VS2010)

time: Tue Feb 06 14:34:52 2018
elapsed time: 4 seconds (0d 0h 0m 4s)

